Interpreting Bytecode Program:
Constants :
   #0: Null
   #1: String("Do a binary operation on ~ and ~.\n")
   #2: String("op")
   #3: String("Result = ~.\n")
   #4: String("do-op")
   #5: Method(#4, nargs:3, nlocals:0) :
         get local 1
         get local 2
         printf #1 2
         drop
         get local 0
         get local 1
         get local 2
         call-slot #2 3
         printf #3 1
         return
   #6: Class(#5)
   #7: String("base") ->global
   #8: Method(#7, nargs:0, nlocals:0) :
         lit #0
         object #6
         return
   #9: String("add")
   #10: Method(#2, nargs:3, nlocals:0) :
         get local 1
         get local 2
         call-slot #9 2
         return
   #11: Class(#10)
   #12: String("adder") ->global
   #13: Method(#12, nargs:0, nlocals:0) : 
         call #7 0
         object #11
         return
   #14: String("mul")
   #15: Method(#2, nargs:3, nlocals:0) :
         get local 1
         get local 2
         call-slot #14 2
         return
   #16: Class(#15)
   #17: String("multiplier") ->global
   #18: Method(#17, nargs:0, nlocals:0) :
         call #7 0
         object #16
         return
   #19: String("a") ->global
   #20: Slot(#19)
   #21: String("m") ->global
   #22: Slot(#21) 
   #23: Int(11)
   #24: Int(7)
   #25: String("entry39")
   #26: Method(#25, nargs:0, nlocals:0) :
         call #12 0
         set global #19
         drop
         call #17 0
         set global #21
         drop
         get global #19
         lit #23
         lit #24
         call-slot #4 3
         drop
         get global #21
         lit #23
         lit #24
         call-slot #4 3
         drop
         lit #0
         return
Globals :
   #8
   #13
   #18
   #20
   #22
Entry : #26      
   call #12 0      
   call #7 0      
   lit #0      Null, 
   object #6      Null, Class(#-1290377648, #-1290377040) 
   return      Null, Class(#-1290377648, #-1290377040), 
   object #11      Null, Class(#-1290377648, #-1290377040), Class(#-1290376464, #-1290376272), 
   return      Null, Class(#-1290377648, #-1290377040), Class(#-1290376464, #-1290376272), 
   set global #19      Null, Class(#-1290377648, #-1290377040), Class(#-1290376464, #-1290376272), 
   drop      Null, Class(#-1290377648, #-1290377040), 
   call #17 0      Null, Class(#-1290377648, #-1290377040), 
   call #7 0      Null, Class(#-1290377648, #-1290377040), 
   lit #0      Null, Class(#-1290377648, #-1290377040), Null, 
   object #6      Null, Class(#-1290377648, #-1290377040), Null, Class(#-1290377648, #-1290377040), 
   return      Null, Class(#-1290377648, #-1290377040), Null, Class(#-1290377648, #-1290377040), 
   object #16      Null, Class(#-1290377648, #-1290377040), Null, Class(#-1290377648, #-1290377040), Class(#-1290375760, #-1290375488), 
   return      Null, Class(#-1290377648, #-1290377040), Null, Class(#-1290377648, #-1290377040), Class(#-1290375760, #-1290375488), 
   set global #21      Null, Class(#-1290377648, #-1290377040), Null, Class(#-1290377648, #-1290377040), Class(#-1290375760, #-1290375488), 
   drop      Null, Class(#-1290377648, #-1290377040), Null, Class(#-1290377648, #-1290377040), 
   get global #19      Null, Class(#-1290377648, #-1290377040), Null, Class(#-1290377648, #-1290377040), Class(#-1290376464, #-1290376272), 
   lit #23      Null, Class(#-1290377648, #-1290377040), Null, Class(#-1290377648, #-1290377040), Class(#-1290376464, #-1290376272), Int(11), 
   lit #24      Null, Class(#-1290377648, #-1290377040), Null, Class(#-1290377648, #-1290377040), Class(#-1290376464, #-1290376272), Int(11), Int(7), 
   call-slot #4 3      Null, Class(#-1290377648, #-1290377040), Null, Class(#-1290377648, #-1290377040), 
   get local 1      Null, Class(#-1290377648, #-1290377040), Null, Class(#-1290377648, #-1290377040), Int(11), 
   get local 2      Null, Class(#-1290377648, #-1290377040), Null, Class(#-1290377648, #-1290377040), Int(11), Int(7), 
   printf #1 2
Do a binary operation on 11 and 7.
      Null, Class(#-1290377648, #-1290377040), Null, Class(#-1290377648, #-1290377040), Null, 
   drop      Null, Class(#-1290377648, #-1290377040), Null, Class(#-1290377648, #-1290377040), 
   get local 0      Null, Class(#-1290377648, #-1290377040), Null, Class(#-1290377648, #-1290377040), Class(#-1290376464, #-1290376272), 
   get local 1      Null, Class(#-1290377648, #-1290377040), Null, Class(#-1290377648, #-1290377040), Class(#-1290376464, #-1290376272), Int(11), 
   get local 2      Null, Class(#-1290377648, #-1290377040), Null, Class(#-1290377648, #-1290377040), Class(#-1290376464, #-1290376272), Int(11), Int(7), 
   call-slot #2 3      Null, Class(#-1290377648, #-1290377040), Null, Class(#-1290377648, #-1290377040), 
   get local 1      Null, Class(#-1290377648, #-1290377040), Null, Class(#-1290377648, #-1290377040), Int(11), 
   get local 2      Null, Class(#-1290377648, #-1290377040), Null, Class(#-1290377648, #-1290377040), Int(11), Int(7), 
   call-slot #9 2      Null, Class(#-1290377648, #-1290377040), Null, Class(#-1290377648, #-1290377040), Int(18), 
   return      Null, Class(#-1290377648, #-1290377040), Null, Class(#-1290377648, #-1290377040), Int(18), 
   printf #3 1
Result = 18.
      Null, Class(#-1290377648, #-1290377040), Null, Class(#-1290377648, #-1290377040), Null, 
   return      Null, Class(#-1290377648, #-1290377040), Null, Class(#-1290377648, #-1290377040), Null, 
   drop      Null, Class(#-1290377648, #-1290377040), Null, Class(#-1290377648, #-1290377040), 
   get global #21      Null, Class(#-1290377648, #-1290377040), Null, Class(#-1290377648, #-1290377040), Class(#-1290375760, #-1290375488), 
   lit #23      Null, Class(#-1290377648, #-1290377040), Null, Class(#-1290377648, #-1290377040), Class(#-1290375760, #-1290375488), Int(11), 
   lit #24      Null, Class(#-1290377648, #-1290377040), Null, Class(#-1290377648, #-1290377040), Class(#-1290375760, #-1290375488), Int(11), Int(7), 
   call-slot #4 3      Null, Class(#-1290377648, #-1290377040), Null, Class(#-1290377648, #-1290377040), 
   get local 1      Null, Class(#-1290377648, #-1290377040), Null, Class(#-1290377648, #-1290377040), Int(11), 
   get local 2      Null, Class(#-1290377648, #-1290377040), Null, Class(#-1290377648, #-1290377040), Int(11), Int(7), 
   printf #1 2
Do a binary operation on 11 and 7.
      Null, Class(#-1290377648, #-1290377040), Null, Class(#-1290377648, #-1290377040), Null, 
   drop      Null, Class(#-1290377648, #-1290377040), Null, Class(#-1290377648, #-1290377040), 
   get local 0      Null, Class(#-1290377648, #-1290377040), Null, Class(#-1290377648, #-1290377040), Class(#-1290375760, #-1290375488), 
   get local 1      Null, Class(#-1290377648, #-1290377040), Null, Class(#-1290377648, #-1290377040), Class(#-1290375760, #-1290375488), Int(11), 
   get local 2      Null, Class(#-1290377648, #-1290377040), Null, Class(#-1290377648, #-1290377040), Class(#-1290375760, #-1290375488), Int(11), Int(7), 
   call-slot #2 3      Null, Class(#-1290377648, #-1290377040), Null, Class(#-1290377648, #-1290377040), 
   get local 1      Null, Class(#-1290377648, #-1290377040), Null, Class(#-1290377648, #-1290377040), Int(11), 
   get local 2      Null, Class(#-1290377648, #-1290377040), Null, Class(#-1290377648, #-1290377040), Int(11), Int(7), 
   call-slot #14 2      Null, Class(#-1290377648, #-1290377040), Null, Class(#-1290377648, #-1290377040), Int(77), 
   return      Null, Class(#-1290377648, #-1290377040), Null, Class(#-1290377648, #-1290377040), Int(77), 
   printf #3 1
Result = 77.
      Null, Class(#-1290377648, #-1290377040), Null, Class(#-1290377648, #-1290377040), Null, 
   return      Null, Class(#-1290377648, #-1290377040), Null, Class(#-1290377648, #-1290377040), Null, 
   drop      Null, Class(#-1290377648, #-1290377040), Null, Class(#-1290377648, #-1290377040), 
   lit #0      Null, Class(#-1290377648, #-1290377040), Null, Class(#-1290377648, #-1290377040), Null, 
   return